# Logfile created on 2015-03-06 11:34:18 -0500 by logger.rb/44203
I, [2015-03-06T11:34:18.060788 #17745]  INFO -- : 0:  RedCloth (4.2.9) from /usr/local/rvm/gems/ruby-2.1.0/specifications/RedCloth-4.2.9.gemspec
I, [2015-03-06T11:34:18.061587 #17745]  INFO -- : 0:  blankslate (2.1.2.4) from /usr/local/rvm/gems/ruby-2.1.0/specifications/blankslate-2.1.2.4.gemspec
I, [2015-03-06T11:34:18.062124 #17745]  INFO -- : 0:  fast-stemmer (1.0.2) from /usr/local/rvm/gems/ruby-2.1.0/specifications/fast-stemmer-1.0.2.gemspec
I, [2015-03-06T11:34:18.906633 #17745]  INFO -- : 0:  classifier (1.3.4) from /usr/local/rvm/gems/ruby-2.1.0/specifications/classifier-1.3.4.gemspec
I, [2015-03-06T11:34:18.907305 #17745]  INFO -- : 0:  colorator (0.1) from /usr/local/rvm/gems/ruby-2.1.0/specifications/colorator-0.1.gemspec
I, [2015-03-06T11:34:19.561434 #17745]  INFO -- : 0:  highline (1.6.20) from /usr/local/rvm/gems/ruby-2.1.0/specifications/highline-1.6.20.gemspec
I, [2015-03-06T11:34:20.295720 #17745]  INFO -- : 0:  commander (4.1.5) from /usr/local/rvm/gems/ruby-2.1.0/specifications/commander-4.1.5.gemspec
I, [2015-03-06T11:34:27.519535 #17745]  INFO -- : 0:  ffi (1.9.3) from /usr/local/rvm/gems/ruby-2.1.0/specifications/ffi-1.9.3.gemspec
I, [2015-03-06T11:34:28.030101 #17745]  INFO -- : 0:  liquid (2.5.5) from /usr/local/rvm/gems/ruby-2.1.0/specifications/liquid-2.5.5.gemspec
I, [2015-03-06T11:34:28.030880 #17745]  INFO -- : 0:  rb-fsevent (0.9.4) from /usr/local/rvm/gems/ruby-2.1.0/specifications/rb-fsevent-0.9.4.gemspec
I, [2015-03-06T11:34:28.453316 #17745]  INFO -- : 0:  rb-inotify (0.9.3) from /usr/local/rvm/gems/ruby-2.1.0/specifications/rb-inotify-0.9.3.gemspec
I, [2015-03-06T11:34:28.877863 #17745]  INFO -- : 0:  rb-kqueue (0.2.0) from /usr/local/rvm/gems/ruby-2.1.0/specifications/rb-kqueue-0.2.0.gemspec
I, [2015-03-06T11:34:29.311065 #17745]  INFO -- : 0:  listen (1.3.1) from /usr/local/rvm/gems/ruby-2.1.0/specifications/listen-1.3.1.gemspec
I, [2015-03-06T11:34:29.976086 #17745]  INFO -- : 0:  maruku (0.7.0) from /usr/local/rvm/gems/ruby-2.1.0/specifications/maruku-0.7.0.gemspec
I, [2015-03-06T11:34:30.970938 #17745]  INFO -- : 0:  posix-spawn (0.3.8) from /usr/local/rvm/gems/ruby-2.1.0/specifications/posix-spawn-0.3.8.gemspec
I, [2015-03-06T11:34:33.370594 #17745]  INFO -- : 0:  yajl-ruby (1.1.0) from /usr/local/rvm/gems/ruby-2.1.0/specifications/yajl-ruby-1.1.0.gemspec
I, [2015-03-06T11:34:34.396274 #17745]  INFO -- : 0:  pygments.rb (0.5.4) from /usr/local/rvm/gems/ruby-2.1.0/specifications/pygments.rb-0.5.4.gemspec
I, [2015-03-06T11:34:37.873060 #17745]  INFO -- : 0:  redcarpet (2.3.0) from /usr/local/rvm/gems/ruby-2.1.0/specifications/redcarpet-2.3.0.gemspec
I, [2015-03-06T11:34:38.312567 #17745]  INFO -- : 0:  safe_yaml (0.9.7) from /usr/local/rvm/gems/ruby-2.1.0/specifications/safe_yaml-0.9.7.gemspec
I, [2015-03-06T11:34:38.313196 #17745]  INFO -- : 0:  parslet (1.5.0) from /usr/local/rvm/gems/ruby-2.1.0/specifications/parslet-1.5.0.gemspec
I, [2015-03-06T11:34:39.282504 #17745]  INFO -- : 0:  toml (0.1.0) from /usr/local/rvm/gems/ruby-2.1.0/specifications/toml-0.1.0.gemspec
I, [2015-03-06T11:34:40.832205 #17745]  INFO -- : 0:  jekyll (1.4.3) from /usr/local/rvm/gems/ruby-2.1.0/specifications/jekyll-1.4.3.gemspec
I, [2015-03-06T11:34:41.592094 #17745]  INFO -- : 0:  kramdown (1.3.1) from /usr/local/rvm/gems/ruby-2.1.0/specifications/kramdown-1.3.1.gemspec
I, [2015-03-06T11:34:46.740583 #17745]  INFO -- : 0:  rdiscount (2.1.7) from /usr/local/rvm/gems/ruby-2.1.0/specifications/rdiscount-2.1.7.gemspec
I, [2015-03-06T11:34:47.870515 #17745]  INFO -- : 0:  github-pages (14) from /usr/local/rvm/gems/ruby-2.1.0/specifications/github-pages-14.gemspec
I, [2015-03-06T11:34:47.871437 #17745]  INFO -- : 0:  bundler (1.5.0) from /usr/local/rvm/gems/ruby-2.1.0@global/specifications/bundler-1.5.0.gemspec
